<?xml version="1.0" encoding="UTF-8"?>
<testsuite xmlns:xsi="http://www.w3.org/2001/XMLSchema-instance" xsi:noNamespaceSchemaLocation="https://maven.apache.org/surefire/maven-surefire-plugin/xsd/surefire-test-report-3.0.xsd" version="3.0" name="hello.GreeterTest" time="0.031" tests="9" errors="0" skipped="0" failures="0">
  <properties>
    <property name="java.specification.version" value="19"/>
    <property name="sun.jnu.encoding" value="UTF-8"/>
    <property name="java.class.path" value="/Users/marquin/IdeaProjects/GCStrabalho1/target/test-classes:/Users/marquin/IdeaProjects/GCStrabalho1/target/classes:/Users/marquin/.m2/repository/joda-time/joda-time/2.9.2/joda-time-2.9.2.jar:/Users/marquin/.m2/repository/junit/junit/4.12/junit-4.12.jar:/Users/marquin/.m2/repository/org/hamcrest/hamcrest-core/1.3/hamcrest-core-1.3.jar:"/>
    <property name="java.vm.vendor" value="Oracle Corporation"/>
    <property name="sun.arch.data.model" value="64"/>
    <property name="java.vendor.url" value="https://java.oracle.com/"/>
    <property name="os.name" value="Mac OS X"/>
    <property name="java.vm.specification.version" value="19"/>
    <property name="sun.java.launcher" value="SUN_STANDARD"/>
    <property name="user.country" value="BR"/>
    <property name="sun.boot.library.path" value="/Library/Java/JavaVirtualMachines/jdk-19.jdk/Contents/Home/lib"/>
    <property name="sun.java.command" value="/Users/marquin/IdeaProjects/GCStrabalho1/target/surefire/surefirebooter-20230518133307795_3.jar /Users/marquin/IdeaProjects/GCStrabalho1/target/surefire 2023-05-18T13-33-07_752-jvmRun1 surefire-20230518133307795_1tmp surefire_0-20230518133307795_2tmp"/>
    <property name="http.nonProxyHosts" value="local|*.local|169.254/16|*.169.254/16"/>
    <property name="jdk.debug" value="release"/>
    <property name="surefire.test.class.path" value="/Users/marquin/IdeaProjects/GCStrabalho1/target/test-classes:/Users/marquin/IdeaProjects/GCStrabalho1/target/classes:/Users/marquin/.m2/repository/joda-time/joda-time/2.9.2/joda-time-2.9.2.jar:/Users/marquin/.m2/repository/junit/junit/4.12/junit-4.12.jar:/Users/marquin/.m2/repository/org/hamcrest/hamcrest-core/1.3/hamcrest-core-1.3.jar:"/>
    <property name="sun.cpu.endian" value="little"/>
    <property name="user.home" value="/Users/marquin"/>
    <property name="user.language" value="en"/>
    <property name="java.specification.vendor" value="Oracle Corporation"/>
    <property name="java.version.date" value="2022-10-18"/>
    <property name="java.home" value="/Library/Java/JavaVirtualMachines/jdk-19.jdk/Contents/Home"/>
    <property name="file.separator" value="/"/>
    <property name="basedir" value="/Users/marquin/IdeaProjects/GCStrabalho1"/>
    <property name="java.vm.compressedOopsMode" value="Zero based"/>
    <property name="line.separator" value="&#10;"/>
    <property name="java.vm.specification.vendor" value="Oracle Corporation"/>
    <property name="java.specification.name" value="Java Platform API Specification"/>
    <property name="apple.awt.application.name" value="ForkedBooter"/>
    <property name="surefire.real.class.path" value="/Users/marquin/IdeaProjects/GCStrabalho1/target/surefire/surefirebooter-20230518133307795_3.jar"/>
    <property name="sun.management.compiler" value="HotSpot 64-Bit Tiered Compilers"/>
    <property name="ftp.nonProxyHosts" value="local|*.local|169.254/16|*.169.254/16"/>
    <property name="java.runtime.version" value="19.0.1+10-21"/>
    <property name="user.name" value="marquin"/>
    <property name="stdout.encoding" value="UTF-8"/>
    <property name="path.separator" value=":"/>
    <property name="os.version" value="13.3.1"/>
    <property name="java.runtime.name" value="Java(TM) SE Runtime Environment"/>
    <property name="file.encoding" value="UTF-8"/>
    <property name="java.vm.name" value="Java HotSpot(TM) 64-Bit Server VM"/>
    <property name="localRepository" value="/Users/marquin/.m2/repository"/>
    <property name="java.vendor.url.bug" value="https://bugreport.java.com/bugreport/"/>
    <property name="java.io.tmpdir" value="/var/folders/zs/4z26qkv93xbbx8nmrgjg_00m0000gn/T/"/>
    <property name="java.version" value="19.0.1"/>
    <property name="user.dir" value="/Users/marquin/IdeaProjects/GCStrabalho1"/>
    <property name="os.arch" value="aarch64"/>
    <property name="java.vm.specification.name" value="Java Virtual Machine Specification"/>
    <property name="native.encoding" value="UTF-8"/>
    <property name="java.library.path" value="/Users/marquin/Library/Java/Extensions:/Library/Java/Extensions:/Network/Library/Java/Extensions:/System/Library/Java/Extensions:/usr/lib/java:."/>
    <property name="java.vm.info" value="mixed mode, sharing"/>
    <property name="stderr.encoding" value="UTF-8"/>
    <property name="java.vendor" value="Oracle Corporation"/>
    <property name="java.vm.version" value="19.0.1+10-21"/>
    <property name="sun.io.unicode.encoding" value="UnicodeBig"/>
    <property name="socksNonProxyHosts" value="local|*.local|169.254/16|*.169.254/16"/>
    <property name="java.class.version" value="63.0"/>
  </properties>
  <testcase name="teste5Beecrowd1143" classname="hello.GreeterTest" time="0.008"/>
  <testcase name="teste4Beecrowd1143" classname="hello.GreeterTest" time="0.001"/>
  <testcase name="teste3Beecrowd1143" classname="hello.GreeterTest" time="0"/>
  <testcase name="teste2Beecrowd1143" classname="hello.GreeterTest" time="0.001"/>
  <testcase name="teste_Beecrowd_1133_1" classname="hello.GreeterTest" time="0"/>
  <testcase name="teste_Beecrowd_1133_2" classname="hello.GreeterTest" time="0"/>
  <testcase name="teste_Beecrowd_1133_3" classname="hello.GreeterTest" time="0"/>
  <testcase name="teste1Beecrowd1143" classname="hello.GreeterTest" time="0"/>
  <testcase name="testEhPrimo" classname="hello.GreeterTest" time="0.002"/>
</testsuite>